<?xml version="1.0" encoding="utf-8"?>
<?AutomationStudio Version="4.5.2.102"?>
<Objects>
  <Object
    Path="C:\Users\admin\Desktop\KVBO-01-21\Group_2\Prog_2\Logical\Package.pkg"
    LogicalPath=""
    Type="Package.ParentUnknown"
    LastWriteTime="132918867773911741" />
  <Object
    Path="C:\Users\admin\Desktop\KVBO-01-21\Group_2\Prog_2\Logical\Global.typ"
    LogicalPath="Global.typ"
    Type="File"
    LastWriteTime="132918853210649687"
    Private="false" />
  <Object
    Path="C:\Users\admin\Desktop\KVBO-01-21\Group_2\Prog_2\Logical\Global.var"
    LogicalPath="Global.var"
    Type="File"
    LastWriteTime="132918880554271821"
    Private="false" />
  <Object
    Path="C:\Users\admin\Desktop\KVBO-01-21\Group_2\Prog_2\Logical\Libraries\Package.pkg"
    LogicalPath="Libraries"
    Type="Package"
    LastWriteTime="132918853261527125" />
  <Object
    Path="C:\Users\admin\Desktop\KVBO-01-21\Group_2\Prog_2\Logical\Libraries\operator\binary.lby"
    LogicalPath="Libraries.operator"
    Type="Library"
    LastWriteTime="132918853233426005" />
  <Object
    Path="C:\Users\admin\Desktop\KVBO-01-21\Group_2\Prog_2\Logical\Libraries\operator\operator.fun"
    LogicalPath="Libraries.operator.operator.fun"
    Type="File"
    LastWriteTime="132918853232847431"
    Private="false" />
  <Object
    Path="C:\Users\admin\Desktop\KVBO-01-21\Group_2\Prog_2\Logical\Libraries\operator\operator.typ"
    LogicalPath="Libraries.operator.operator.typ"
    Type="File"
    LastWriteTime="132918853233017104"
    Private="false" />
  <Object
    Path="C:\Users\admin\Desktop\KVBO-01-21\Group_2\Prog_2\Logical\Libraries\operator\operator.var"
    LogicalPath="Libraries.operator.operator.var"
    Type="File"
    LastWriteTime="132918853233236437"
    Private="false" />
  <Object
    Path="C:\Users\admin\Desktop\KVBO-01-21\Group_2\Prog_2\Logical\Libraries\runtime\binary.lby"
    LogicalPath="Libraries.runtime"
    Type="Library"
    LastWriteTime="132918853241837421" />
  <Object
    Path="C:\Users\admin\Desktop\KVBO-01-21\Group_2\Prog_2\Logical\Libraries\runtime\runtime.fun"
    LogicalPath="Libraries.runtime.runtime.fun"
    Type="File"
    LastWriteTime="132918853241288867"
    Private="false" />
  <Object
    Path="C:\Users\admin\Desktop\KVBO-01-21\Group_2\Prog_2\Logical\Libraries\runtime\runtime.typ"
    LogicalPath="Libraries.runtime.runtime.typ"
    Type="File"
    LastWriteTime="132918853241508344"
    Private="false" />
  <Object
    Path="C:\Users\admin\Desktop\KVBO-01-21\Group_2\Prog_2\Logical\Libraries\runtime\runtime.var"
    LogicalPath="Libraries.runtime.runtime.var"
    Type="File"
    LastWriteTime="132918853241588066"
    Private="false" />
  <Object
    Path="C:\Users\admin\Desktop\KVBO-01-21\Group_2\Prog_2\Logical\Libraries\astime\binary.lby"
    LogicalPath="Libraries.astime"
    Type="Library"
    LastWriteTime="132918853251492953" />
  <Object
    Path="C:\Users\admin\Desktop\KVBO-01-21\Group_2\Prog_2\Logical\Libraries\astime\astime.fun"
    LogicalPath="Libraries.astime.astime.fun"
    Type="File"
    LastWriteTime="132918853250715209"
    Private="false" />
  <Object
    Path="C:\Users\admin\Desktop\KVBO-01-21\Group_2\Prog_2\Logical\Libraries\astime\astime.typ"
    LogicalPath="Libraries.astime.astime.typ"
    Type="File"
    LastWriteTime="132918853250794882"
    Private="false" />
  <Object
    Path="C:\Users\admin\Desktop\KVBO-01-21\Group_2\Prog_2\Logical\Libraries\astime\astime.var"
    LogicalPath="Libraries.astime.astime.var"
    Type="File"
    LastWriteTime="132918853251054133"
    Private="false" />
  <Object
    Path="C:\Users\admin\Desktop\KVBO-01-21\Group_2\Prog_2\Logical\Libraries\AsIecCon\binary.lby"
    LogicalPath="Libraries.AsIecCon"
    Type="Library"
    LastWriteTime="132918853260304903" />
  <Object
    Path="C:\Users\admin\Desktop\KVBO-01-21\Group_2\Prog_2\Logical\Libraries\AsIecCon\AsIecCon.fun"
    LogicalPath="Libraries.AsIecCon.AsIecCon.fun"
    Type="File"
    LastWriteTime="132918853259836060"
    Private="false" />
  <Object
    Path="C:\Users\admin\Desktop\KVBO-01-21\Group_2\Prog_2\Logical\Libraries\AsIecCon\AsIecCon.typ"
    LogicalPath="Libraries.AsIecCon.AsIecCon.typ"
    Type="File"
    LastWriteTime="132918853259895907"
    Private="false" />
  <Object
    Path="C:\Users\admin\Desktop\KVBO-01-21\Group_2\Prog_2\Logical\Libraries\AsIecCon\AsIecCon.var"
    LogicalPath="Libraries.AsIecCon.AsIecCon.var"
    Type="File"
    LastWriteTime="132918853259925830"
    Private="false" />
  <Object
    Path="C:\Users\admin\Desktop\KVBO-01-21\Group_2\Prog_2\Logical\Program\ANSIC.prg"
    LogicalPath="Program"
    Type="Program"
    LastWriteTime="132918867632883335" />
  <Object
    Path="C:\Users\admin\Desktop\KVBO-01-21\Group_2\Prog_2\Logical\Program\Main.c"
    LogicalPath="Program.Main.c"
    Type="File"
    LastWriteTime="132918933611808849"
    Private="false" />
  <Object
    Path="C:\Users\admin\Desktop\KVBO-01-21\Group_2\Prog_2\Logical\Program\Types.typ"
    LogicalPath="Program.Types.typ"
    Type="File"
    LastWriteTime="132918867632774116"
    Private="true" />
  <Object
    Path="C:\Users\admin\Desktop\KVBO-01-21\Group_2\Prog_2\Logical\Program\Variables.var"
    LogicalPath="Program.Variables.var"
    Type="File"
    LastWriteTime="132918922350479119"
    Private="true" />
  <Object
    Path="C:\Users\admin\Desktop\KVBO-01-21\Group_2\Prog_2\Physical\Config1\Config.pkg"
    LogicalPath="Config1"
    Type="Configuration.ParentUnknown"
    LastWriteTime="132918853465467566" />
  <Object
    Path="C:\Users\admin\Desktop\KVBO-01-21\Group_2\Prog_2\Physical\Config1\Hardware.hw"
    LogicalPath="Config1.Hardware.hw"
    Type="File"
    LastWriteTime="132918855104430076"
    Private="false" />
  <Object
    Path="C:\Users\admin\Desktop\KVBO-01-21\Group_2\Prog_2\Physical\Config1\Hardware.hwl"
    LogicalPath="Config1.Hardware.hwl"
    Type="File"
    LastWriteTime="131865063240000000"
    Private="false" />
  <Object
    Path="C:\Users\admin\Desktop\KVBO-01-21\Group_2\Prog_2\Physical\Config1\4PP065_0571_P74\Cpu.pkg"
    LogicalPath="Config1.4PP065_0571_P74"
    Type="Cpu"
    LastWriteTime="132918853289858961" />
  <Object
    Path="C:\Users\admin\Desktop\KVBO-01-21\Group_2\Prog_2\Physical\Config1\4PP065_0571_P74\Cpu.sw"
    LogicalPath="Config1.4PP065_0571_P74.Cpu.sw"
    Type="File"
    LastWriteTime="132918904602969642"
    Private="false" />
  <Object
    Path="C:\Users\admin\Desktop\KVBO-01-21\Group_2\Prog_2\Physical\Config1\4PP065_0571_P74\Cpu.per"
    LogicalPath="Config1.4PP065_0571_P74.Cpu.per"
    Type="File"
    LastWriteTime="132918853274931311"
    Private="false" />
  <Object
    Path="C:\Users\admin\Desktop\KVBO-01-21\Group_2\Prog_2\Physical\Config1\4PP065_0571_P74\IoMap.iom"
    LogicalPath="Config1.4PP065_0571_P74.IoMap.iom"
    Type="File"
    LastWriteTime="132918853275230468"
    Private="false" />
  <Object
    Path="C:\Users\admin\Desktop\KVBO-01-21\Group_2\Prog_2\Physical\Config1\4PP065_0571_P74\PvMap.vvm"
    LogicalPath="Config1.4PP065_0571_P74.PvMap.vvm"
    Type="File"
    LastWriteTime="132918853275639339"
    Private="false" />
  <Object
    Path="C:\Users\admin\Desktop\KVBO-01-21\Group_2\Prog_2\Physical\Config1\4PP065_0571_P74\Connectivity\Package.pkg"
    LogicalPath="Config1.4PP065_0571_P74.Connectivity"
    Type="Package"
    LastWriteTime="132918853278129406" />
  <Object
    Path="C:\Users\admin\Desktop\KVBO-01-21\Group_2\Prog_2\Physical\Config1\4PP065_0571_P74\Connectivity\OpcUA\Package.pkg"
    LogicalPath="Config1.4PP065_0571_P74.Connectivity.OpcUA"
    Type="Package"
    LastWriteTime="132918863459255198" />
  <Object
    Path="C:\Users\admin\Desktop\KVBO-01-21\Group_2\Prog_2\Physical\Config1\4PP065_0571_P74\Connectivity\OpcUA\OpcUaMap.uad"
    LogicalPath="Config1.4PP065_0571_P74.Connectivity.OpcUA.OpcUaMap.uad"
    Type="File"
    LastWriteTime="132918880991563119"
    Private="false" />
  <Object
    Path="C:\Users\admin\Desktop\KVBO-01-21\Group_2\Prog_2\Physical\Config1\4PP065_0571_P74\TextSystem\Package.pkg"
    LogicalPath="Config1.4PP065_0571_P74.TextSystem"
    Type="Package"
    LastWriteTime="132918853278478246" />
  <Object
    Path="C:\Users\admin\Desktop\KVBO-01-21\Group_2\Prog_2\Physical\Config1\4PP065_0571_P74\UnitSystem\Package.pkg"
    LogicalPath="Config1.4PP065_0571_P74.UnitSystem"
    Type="Package"
    LastWriteTime="132918853278967088" />
  <Object
    Path="C:\Users\admin\Desktop\KVBO-01-21\Group_2\Prog_2\Physical\Config1\4PP065_0571_P74\AccessAndSecurity\Package.pkg"
    LogicalPath="Config1.4PP065_0571_P74.AccessAndSecurity"
    Type="Package"
    LastWriteTime="132918853285789768" />
  <Object
    Path="C:\Users\admin\Desktop\KVBO-01-21\Group_2\Prog_2\Physical\Config1\4PP065_0571_P74\AccessAndSecurity\UserRoleSystem\Package.pkg"
    LogicalPath="Config1.4PP065_0571_P74.AccessAndSecurity.UserRoleSystem"
    Type="Package"
    LastWriteTime="132918853280638156" />
  <Object
    Path="C:\Users\admin\Desktop\KVBO-01-21\Group_2\Prog_2\Physical\Config1\4PP065_0571_P74\AccessAndSecurity\UserRoleSystem\Role.role"
    LogicalPath="Config1.4PP065_0571_P74.AccessAndSecurity.UserRoleSystem.Role.role"
    Type="File"
    LastWriteTime="132918853279870216"
    Private="false" />
  <Object
    Path="C:\Users\admin\Desktop\KVBO-01-21\Group_2\Prog_2\Physical\Config1\4PP065_0571_P74\AccessAndSecurity\UserRoleSystem\User.user"
    LogicalPath="Config1.4PP065_0571_P74.AccessAndSecurity.UserRoleSystem.User.user"
    Type="File"
    LastWriteTime="132918853280348932"
    Private="false" />
  <Object
    Path="C:\Users\admin\Desktop\KVBO-01-21\Group_2\Prog_2\Physical\Config1\4PP065_0571_P74\AccessAndSecurity\CertificateStore\Package.pkg"
    LogicalPath="Config1.4PP065_0571_P74.AccessAndSecurity.CertificateStore"
    Type="Package"
    LastWriteTime="132918853285051654" />
  <Object
    Path="C:\Users\admin\Desktop\KVBO-01-21\Group_2\Prog_2\Physical\Config1\4PP065_0571_P74\AccessAndSecurity\CertificateStore\OwnCertificates\Package.pkg"
    LogicalPath="Config1.4PP065_0571_P74.AccessAndSecurity.CertificateStore.OwnCertificates"
    Type="Package"
    LastWriteTime="132918853281860087" />
  <Object
    Path="C:\Users\admin\Desktop\KVBO-01-21\Group_2\Prog_2\Physical\Config1\4PP065_0571_P74\AccessAndSecurity\CertificateStore\OwnCertificates\Certificates\Package.pkg"
    LogicalPath="Config1.4PP065_0571_P74.AccessAndSecurity.CertificateStore.OwnCertificates.Certificates"
    Type="Package"
    LastWriteTime="132918853281755195" />
  <Object
    Path="C:\Users\admin\Desktop\KVBO-01-21\Group_2\Prog_2\Physical\Config1\4PP065_0571_P74\AccessAndSecurity\CertificateStore\OwnCertificates\PrivateKeys\Package.pkg"
    LogicalPath="Config1.4PP065_0571_P74.AccessAndSecurity.CertificateStore.OwnCertificates.PrivateKeys"
    Type="Package"
    LastWriteTime="132918853281840147" />
  <Object
    Path="C:\Users\admin\Desktop\KVBO-01-21\Group_2\Prog_2\Physical\Config1\4PP065_0571_P74\AccessAndSecurity\CertificateStore\ThirdPartyCertificates\Package.pkg"
    LogicalPath="Config1.4PP065_0571_P74.AccessAndSecurity.CertificateStore.ThirdPartyCertificates"
    Type="Package"
    LastWriteTime="132918853283545581" />
  <Object
    Path="C:\Users\admin\Desktop\KVBO-01-21\Group_2\Prog_2\Physical\Config1\4PP065_0571_P74\AccessAndSecurity\CertificateStore\ThirdPartyCertificates\SoftwareCertificates\Package.pkg"
    LogicalPath="Config1.4PP065_0571_P74.AccessAndSecurity.CertificateStore.ThirdPartyCertificates.SoftwareCertificates"
    Type="Package"
    LastWriteTime="132918853283455834" />
  <Object
    Path="C:\Users\admin\Desktop\KVBO-01-21\Group_2\Prog_2\Physical\Config1\4PP065_0571_P74\AccessAndSecurity\CertificateStore\CertificateRevocationLists\Package.pkg"
    LogicalPath="Config1.4PP065_0571_P74.AccessAndSecurity.CertificateStore.CertificateRevocationLists"
    Type="Package"
    LastWriteTime="132918853284353420" />
  <Object
    Path="C:\Users\admin\Desktop\KVBO-01-21\Group_2\Prog_2\Physical\Config1\4PP065_0571_P74\AccessAndSecurity\CertificateStore\CertificateSigningRequests\Package.pkg"
    LogicalPath="Config1.4PP065_0571_P74.AccessAndSecurity.CertificateStore.CertificateSigningRequests"
    Type="Package"
    LastWriteTime="132918853284692499" />
  <Object
    Path="C:\Users\admin\Desktop\KVBO-01-21\Group_2\Prog_2\Physical\Config1\4PP065_0571_P74\AccessAndSecurity\TransportLayerSecurity\Package.pkg"
    LogicalPath="Config1.4PP065_0571_P74.AccessAndSecurity.TransportLayerSecurity"
    Type="Package"
    LastWriteTime="132918853285500329" />
  <Object
    Path="C:\Users\admin\Desktop\KVBO-01-21\Group_2\Prog_2\Physical\Config1\4PP065_0571_P74\mappControl\Package.pkg"
    LogicalPath="Config1.4PP065_0571_P74.mappControl"
    Type="Package"
    LastWriteTime="132918853286178536" />
  <Object
    Path="C:\Users\admin\Desktop\KVBO-01-21\Group_2\Prog_2\Physical\Config1\4PP065_0571_P74\mappMotion\Package.pkg"
    LogicalPath="Config1.4PP065_0571_P74.mappMotion"
    Type="Package"
    LastWriteTime="132918853287355913" />
  <Object
    Path="C:\Users\admin\Desktop\KVBO-01-21\Group_2\Prog_2\Physical\Config1\4PP065_0571_P74\mappServices\Package.pkg"
    LogicalPath="Config1.4PP065_0571_P74.mappServices"
    Type="Package"
    LastWriteTime="132918853288273461" />
  <Object
    Path="C:\Users\admin\Desktop\KVBO-01-21\Group_2\Prog_2\Physical\Config1\4PP065_0571_P74\mappView\Package.pkg"
    LogicalPath="Config1.4PP065_0571_P74.mappView"
    Type="Package"
    LastWriteTime="132918853288871893" />
  <Object
    Path="C:\Users\admin\Desktop\KVBO-01-21\Group_2\Prog_2\Physical\Config1\4PP065_0571_P74\mappCockpit\Package.pkg"
    LogicalPath="Config1.4PP065_0571_P74.mappCockpit"
    Type="Package"
    LastWriteTime="132918853289540063" />
  <Object
    Path="C:\Users\admin\Desktop\KVBO-01-21\Group_2\Prog_2\Physical\Config1\Hardware.jpg"
    LogicalPath="Config1.Hardware.jpg"
    Type="File"
    LastWriteTime="132918854244898174"
    Private="false" />
</Objects>