<?xml version="1.0" encoding="utf-8"?>
<?AutomationStudio Version="4.5.2.102"?>
<Objects>
  <Object
    Path="D:\Documents\Projects\automation-studio-uni\Prog_1\Logical\Package.pkg"
    LogicalPath=""
    Type="Package.ParentUnknown"
    LastWriteTime="132978818474601222" />
  <Object
    Path="D:\Documents\Projects\automation-studio-uni\Prog_1\Logical\Global.typ"
    LogicalPath="Global.typ"
    Type="File"
    LastWriteTime="132978800349902065"
    Private="false" />
  <Object
    Path="D:\Documents\Projects\automation-studio-uni\Prog_1\Logical\Global.var"
    LogicalPath="Global.var"
    Type="File"
    LastWriteTime="132978800350031325"
    Private="false" />
  <Object
    Path="D:\Documents\Projects\automation-studio-uni\Prog_1\Logical\Libraries\Package.pkg"
    LogicalPath="Libraries"
    Type="Package"
    LastWriteTime="132978803342848382" />
  <Object
    Path="D:\Documents\Projects\automation-studio-uni\Prog_1\Logical\Libraries\operator\binary.lby"
    LogicalPath="Libraries.operator"
    Type="Library"
    LastWriteTime="132978800363827838" />
  <Object
    Path="D:\Documents\Projects\automation-studio-uni\Prog_1\Logical\Libraries\operator\operator.fun"
    LogicalPath="Libraries.operator.operator.fun"
    Type="File"
    LastWriteTime="132978800363747992"
    Private="false" />
  <Object
    Path="D:\Documents\Projects\automation-studio-uni\Prog_1\Logical\Libraries\operator\operator.typ"
    LogicalPath="Libraries.operator.operator.typ"
    Type="File"
    LastWriteTime="132978800363797859"
    Private="false" />
  <Object
    Path="D:\Documents\Projects\automation-studio-uni\Prog_1\Logical\Libraries\operator\operator.var"
    LogicalPath="Libraries.operator.operator.var"
    Type="File"
    LastWriteTime="132978800363827838"
    Private="false" />
  <Object
    Path="D:\Documents\Projects\automation-studio-uni\Prog_1\Logical\Libraries\runtime\binary.lby"
    LogicalPath="Libraries.runtime"
    Type="Library"
    LastWriteTime="132978800367888134" />
  <Object
    Path="D:\Documents\Projects\automation-studio-uni\Prog_1\Logical\Libraries\runtime\runtime.fun"
    LogicalPath="Libraries.runtime.runtime.fun"
    Type="File"
    LastWriteTime="132978800367649211"
    Private="false" />
  <Object
    Path="D:\Documents\Projects\automation-studio-uni\Prog_1\Logical\Libraries\runtime\runtime.typ"
    LogicalPath="Libraries.runtime.runtime.typ"
    Type="File"
    LastWriteTime="132978800367758982"
    Private="false" />
  <Object
    Path="D:\Documents\Projects\automation-studio-uni\Prog_1\Logical\Libraries\runtime\runtime.var"
    LogicalPath="Libraries.runtime.runtime.var"
    Type="File"
    LastWriteTime="132978800367868563"
    Private="false" />
  <Object
    Path="D:\Documents\Projects\automation-studio-uni\Prog_1\Logical\Libraries\astime\binary.lby"
    LogicalPath="Libraries.astime"
    Type="Library"
    LastWriteTime="132978800370953778" />
  <Object
    Path="D:\Documents\Projects\automation-studio-uni\Prog_1\Logical\Libraries\astime\astime.fun"
    LogicalPath="Libraries.astime.astime.fun"
    Type="File"
    LastWriteTime="132978800370903677"
    Private="false" />
  <Object
    Path="D:\Documents\Projects\automation-studio-uni\Prog_1\Logical\Libraries\astime\astime.typ"
    LogicalPath="Libraries.astime.astime.typ"
    Type="File"
    LastWriteTime="132978800370933599"
    Private="false" />
  <Object
    Path="D:\Documents\Projects\automation-studio-uni\Prog_1\Logical\Libraries\astime\astime.var"
    LogicalPath="Libraries.astime.astime.var"
    Type="File"
    LastWriteTime="132978800370953778"
    Private="false" />
  <Object
    Path="D:\Documents\Projects\automation-studio-uni\Prog_1\Logical\Libraries\AsIecCon\binary.lby"
    LogicalPath="Libraries.AsIecCon"
    Type="Library"
    LastWriteTime="132978800374702549" />
  <Object
    Path="D:\Documents\Projects\automation-studio-uni\Prog_1\Logical\Libraries\AsIecCon\AsIecCon.fun"
    LogicalPath="Libraries.AsIecCon.AsIecCon.fun"
    Type="File"
    LastWriteTime="132978800374651788"
    Private="false" />
  <Object
    Path="D:\Documents\Projects\automation-studio-uni\Prog_1\Logical\Libraries\AsIecCon\AsIecCon.typ"
    LogicalPath="Libraries.AsIecCon.AsIecCon.typ"
    Type="File"
    LastWriteTime="132978800374682435"
    Private="false" />
  <Object
    Path="D:\Documents\Projects\automation-studio-uni\Prog_1\Logical\Libraries\AsIecCon\AsIecCon.var"
    LogicalPath="Libraries.AsIecCon.AsIecCon.var"
    Type="File"
    LastWriteTime="132978800374702549"
    Private="false" />
  <Object
    Path="D:\Documents\Projects\automation-studio-uni\Prog_1\Logical\Libraries\Acp10man\Binary.lby"
    LogicalPath="Libraries.Acp10man"
    Type="Library"
    LastWriteTime="132978803252643904" />
  <Object
    Path="D:\Documents\Projects\automation-studio-uni\Prog_1\Logical\Libraries\Acp10man\Acp10man.typ"
    LogicalPath="Libraries.Acp10man.Acp10man.typ"
    Type="File"
    LastWriteTime="132978803252634266"
    Private="false" />
  <Object
    Path="D:\Documents\Projects\automation-studio-uni\Prog_1\Logical\Libraries\Acp10par\Binary.lby"
    LogicalPath="Libraries.Acp10par"
    Type="Library"
    LastWriteTime="132978803252972978" />
  <Object
    Path="D:\Documents\Projects\automation-studio-uni\Prog_1\Logical\Libraries\Acp10par\Acp10par.var"
    LogicalPath="Libraries.Acp10par.Acp10par.var"
    Type="File"
    LastWriteTime="132978803252972978"
    Private="false" />
  <Object
    Path="D:\Documents\Projects\automation-studio-uni\Prog_1\Logical\Libraries\NcGlobal\Binary.lby"
    LogicalPath="Libraries.NcGlobal"
    Type="Library"
    LastWriteTime="132978803253152179" />
  <Object
    Path="D:\Documents\Projects\automation-studio-uni\Prog_1\Logical\Libraries\NcGlobal\NcGlobal.fun"
    LogicalPath="Libraries.NcGlobal.NcGlobal.fun"
    Type="File"
    LastWriteTime="132978803253112301"
    Private="false" />
  <Object
    Path="D:\Documents\Projects\automation-studio-uni\Prog_1\Logical\Libraries\NcGlobal\NcGlobal.typ"
    LogicalPath="Libraries.NcGlobal.NcGlobal.typ"
    Type="File"
    LastWriteTime="132978803253132234"
    Private="false" />
  <Object
    Path="D:\Documents\Projects\automation-studio-uni\Prog_1\Logical\Libraries\NcGlobal\NcGlobal.var"
    LogicalPath="Libraries.NcGlobal.NcGlobal.var"
    Type="File"
    LastWriteTime="132978803253152179"
    Private="false" />
  <Object
    Path="D:\Documents\Projects\automation-studio-uni\Prog_1\Logical\Libraries\Acp10sdc\binary.lby"
    LogicalPath="Libraries.Acp10sdc"
    Type="Library"
    LastWriteTime="132978803335247673" />
  <Object
    Path="D:\Documents\Projects\automation-studio-uni\Prog_1\Logical\Libraries\Acp10sdc\acp10sdc.var"
    LogicalPath="Libraries.Acp10sdc.acp10sdc.var"
    Type="File"
    LastWriteTime="132978803335227840"
    Private="false" />
  <Object
    Path="D:\Documents\Projects\automation-studio-uni\Prog_1\Logical\Libraries\Acp10sdc\acp10sdc.typ"
    LogicalPath="Libraries.Acp10sdc.acp10sdc.typ"
    Type="File"
    LastWriteTime="132978803335247673"
    Private="false" />
  <Object
    Path="D:\Documents\Projects\automation-studio-uni\Prog_1\Logical\Libraries\AsBrStr\binary.lby"
    LogicalPath="Libraries.AsBrStr"
    Type="Library"
    LastWriteTime="132978803342225093" />
  <Object
    Path="D:\Documents\Projects\automation-studio-uni\Prog_1\Logical\Libraries\AsBrStr\AsBrStr.fun"
    LogicalPath="Libraries.AsBrStr.AsBrStr.fun"
    Type="File"
    LastWriteTime="132978803342175208"
    Private="false" />
  <Object
    Path="D:\Documents\Projects\automation-studio-uni\Prog_1\Logical\Libraries\AsBrStr\AsBrStr.typ"
    LogicalPath="Libraries.AsBrStr.AsBrStr.typ"
    Type="File"
    LastWriteTime="132978803342205151"
    Private="false" />
  <Object
    Path="D:\Documents\Projects\automation-studio-uni\Prog_1\Logical\Libraries\AsBrStr\AsBrStr.var"
    LogicalPath="Libraries.AsBrStr.AsBrStr.var"
    Type="File"
    LastWriteTime="132978803342225093"
    Private="false" />
  <Object
    Path="D:\Documents\Projects\automation-studio-uni\Prog_1\Logical\acp10etxen\Ett.dob"
    LogicalPath="acp10etxen"
    Type="DataObject"
    LastWriteTime="132978803329627023" />
  <Object
    Path="D:\Documents\Projects\automation-studio-uni\Prog_1\Logical\acp10etxen\acp10etxen.ett"
    LogicalPath="acp10etxen.acp10etxen.ett"
    Type="File"
    LastWriteTime="132978803330105741"
    Private="false" />
  <Object
    Path="D:\Documents\Projects\automation-studio-uni\Prog_1\Logical\Program\ANSIC.prg"
    LogicalPath="Program"
    Type="Program"
    LastWriteTime="132978818474581270" />
  <Object
    Path="D:\Documents\Projects\automation-studio-uni\Prog_1\Logical\Program\Main.c"
    LogicalPath="Program.Main.c"
    Type="File"
    LastWriteTime="132978836205803282"
    Private="false" />
  <Object
    Path="D:\Documents\Projects\automation-studio-uni\Prog_1\Logical\Program\Types.typ"
    LogicalPath="Program.Types.typ"
    Type="File"
    LastWriteTime="132978818474551350"
    Private="true" />
  <Object
    Path="D:\Documents\Projects\automation-studio-uni\Prog_1\Logical\Program\Variables.var"
    LogicalPath="Program.Variables.var"
    Type="File"
    LastWriteTime="132978829560401774"
    Private="true" />
  <Object
    Path="D:\Documents\Projects\automation-studio-uni\Prog_1\Physical\Config1\Config.pkg"
    LogicalPath="Config1"
    Type="Configuration.ParentUnknown"
    LastWriteTime="132978800417211545" />
  <Object
    Path="D:\Documents\Projects\automation-studio-uni\Prog_1\Physical\Config1\Hardware.hw"
    LogicalPath="Config1.Hardware.hw"
    Type="File"
    LastWriteTime="132978836705481681"
    Private="false" />
  <Object
    Path="D:\Documents\Projects\automation-studio-uni\Prog_1\Physical\Config1\Hardware.hwl"
    LogicalPath="Config1.Hardware.hwl"
    Type="File"
    LastWriteTime="132978804254983282"
    Private="false" />
  <Object
    Path="D:\Documents\Projects\automation-studio-uni\Prog_1\Physical\Config1\4PP065_0571_P74\Cpu.pkg"
    LogicalPath="Config1.4PP065_0571_P74"
    Type="Cpu"
    LastWriteTime="132978803244612421" />
  <Object
    Path="D:\Documents\Projects\automation-studio-uni\Prog_1\Physical\Config1\4PP065_0571_P74\Cpu.sw"
    LogicalPath="Config1.4PP065_0571_P74.Cpu.sw"
    Type="File"
    LastWriteTime="132978818476775406"
    Private="false" />
  <Object
    Path="D:\Documents\Projects\automation-studio-uni\Prog_1\Physical\Config1\4PP065_0571_P74\Cpu.per"
    LogicalPath="Config1.4PP065_0571_P74.Cpu.per"
    Type="File"
    LastWriteTime="132978800381386603"
    Private="false" />
  <Object
    Path="D:\Documents\Projects\automation-studio-uni\Prog_1\Physical\Config1\4PP065_0571_P74\IoMap.iom"
    LogicalPath="Config1.4PP065_0571_P74.IoMap.iom"
    Type="File"
    LastWriteTime="132978800381396577"
    Private="false" />
  <Object
    Path="D:\Documents\Projects\automation-studio-uni\Prog_1\Physical\Config1\4PP065_0571_P74\PvMap.vvm"
    LogicalPath="Config1.4PP065_0571_P74.PvMap.vvm"
    Type="File"
    LastWriteTime="132978800381446438"
    Private="false" />
  <Object
    Path="D:\Documents\Projects\automation-studio-uni\Prog_1\Physical\Config1\4PP065_0571_P74\Connectivity\Package.pkg"
    LogicalPath="Config1.4PP065_0571_P74.Connectivity"
    Type="Package"
    LastWriteTime="132978800382178812" />
  <Object
    Path="D:\Documents\Projects\automation-studio-uni\Prog_1\Physical\Config1\4PP065_0571_P74\Connectivity\OpcUA\Package.pkg"
    LogicalPath="Config1.4PP065_0571_P74.Connectivity.OpcUA"
    Type="Package"
    LastWriteTime="132978800382178812" />
  <Object
    Path="D:\Documents\Projects\automation-studio-uni\Prog_1\Physical\Config1\4PP065_0571_P74\TextSystem\Package.pkg"
    LogicalPath="Config1.4PP065_0571_P74.TextSystem"
    Type="Package"
    LastWriteTime="132978800382218708" />
  <Object
    Path="D:\Documents\Projects\automation-studio-uni\Prog_1\Physical\Config1\4PP065_0571_P74\UnitSystem\Package.pkg"
    LogicalPath="Config1.4PP065_0571_P74.UnitSystem"
    Type="Package"
    LastWriteTime="132978800382268574" />
  <Object
    Path="D:\Documents\Projects\automation-studio-uni\Prog_1\Physical\Config1\4PP065_0571_P74\AccessAndSecurity\Package.pkg"
    LogicalPath="Config1.4PP065_0571_P74.AccessAndSecurity"
    Type="Package"
    LastWriteTime="132978800382647560" />
  <Object
    Path="D:\Documents\Projects\automation-studio-uni\Prog_1\Physical\Config1\4PP065_0571_P74\AccessAndSecurity\UserRoleSystem\Package.pkg"
    LogicalPath="Config1.4PP065_0571_P74.AccessAndSecurity.UserRoleSystem"
    Type="Package"
    LastWriteTime="132978800382388259" />
  <Object
    Path="D:\Documents\Projects\automation-studio-uni\Prog_1\Physical\Config1\4PP065_0571_P74\AccessAndSecurity\UserRoleSystem\Role.role"
    LogicalPath="Config1.4PP065_0571_P74.AccessAndSecurity.UserRoleSystem.Role.role"
    Type="File"
    LastWriteTime="132978800382368310"
    Private="false" />
  <Object
    Path="D:\Documents\Projects\automation-studio-uni\Prog_1\Physical\Config1\4PP065_0571_P74\AccessAndSecurity\UserRoleSystem\User.user"
    LogicalPath="Config1.4PP065_0571_P74.AccessAndSecurity.UserRoleSystem.User.user"
    Type="File"
    LastWriteTime="132978800382388259"
    Private="false" />
  <Object
    Path="D:\Documents\Projects\automation-studio-uni\Prog_1\Physical\Config1\4PP065_0571_P74\AccessAndSecurity\CertificateStore\Package.pkg"
    LogicalPath="Config1.4PP065_0571_P74.AccessAndSecurity.CertificateStore"
    Type="Package"
    LastWriteTime="132978800382617637" />
  <Object
    Path="D:\Documents\Projects\automation-studio-uni\Prog_1\Physical\Config1\4PP065_0571_P74\AccessAndSecurity\CertificateStore\OwnCertificates\Package.pkg"
    LogicalPath="Config1.4PP065_0571_P74.AccessAndSecurity.CertificateStore.OwnCertificates"
    Type="Package"
    LastWriteTime="132978800382497959" />
  <Object
    Path="D:\Documents\Projects\automation-studio-uni\Prog_1\Physical\Config1\4PP065_0571_P74\AccessAndSecurity\CertificateStore\OwnCertificates\Certificates\Package.pkg"
    LogicalPath="Config1.4PP065_0571_P74.AccessAndSecurity.CertificateStore.OwnCertificates.Certificates"
    Type="Package"
    LastWriteTime="132978800382468038" />
  <Object
    Path="D:\Documents\Projects\automation-studio-uni\Prog_1\Physical\Config1\4PP065_0571_P74\AccessAndSecurity\CertificateStore\OwnCertificates\PrivateKeys\Package.pkg"
    LogicalPath="Config1.4PP065_0571_P74.AccessAndSecurity.CertificateStore.OwnCertificates.PrivateKeys"
    Type="Package"
    LastWriteTime="132978800382487990" />
  <Object
    Path="D:\Documents\Projects\automation-studio-uni\Prog_1\Physical\Config1\4PP065_0571_P74\AccessAndSecurity\CertificateStore\ThirdPartyCertificates\Package.pkg"
    LogicalPath="Config1.4PP065_0571_P74.AccessAndSecurity.CertificateStore.ThirdPartyCertificates"
    Type="Package"
    LastWriteTime="132978800382547826" />
  <Object
    Path="D:\Documents\Projects\automation-studio-uni\Prog_1\Physical\Config1\4PP065_0571_P74\AccessAndSecurity\CertificateStore\ThirdPartyCertificates\SoftwareCertificates\Package.pkg"
    LogicalPath="Config1.4PP065_0571_P74.AccessAndSecurity.CertificateStore.ThirdPartyCertificates.SoftwareCertificates"
    Type="Package"
    LastWriteTime="132978800382547826" />
  <Object
    Path="D:\Documents\Projects\automation-studio-uni\Prog_1\Physical\Config1\4PP065_0571_P74\AccessAndSecurity\CertificateStore\CertificateRevocationLists\Package.pkg"
    LogicalPath="Config1.4PP065_0571_P74.AccessAndSecurity.CertificateStore.CertificateRevocationLists"
    Type="Package"
    LastWriteTime="132978800382577747" />
  <Object
    Path="D:\Documents\Projects\automation-studio-uni\Prog_1\Physical\Config1\4PP065_0571_P74\AccessAndSecurity\CertificateStore\CertificateSigningRequests\Package.pkg"
    LogicalPath="Config1.4PP065_0571_P74.AccessAndSecurity.CertificateStore.CertificateSigningRequests"
    Type="Package"
    LastWriteTime="132978800382607672" />
  <Object
    Path="D:\Documents\Projects\automation-studio-uni\Prog_1\Physical\Config1\4PP065_0571_P74\AccessAndSecurity\TransportLayerSecurity\Package.pkg"
    LogicalPath="Config1.4PP065_0571_P74.AccessAndSecurity.TransportLayerSecurity"
    Type="Package"
    LastWriteTime="132978800382647560" />
  <Object
    Path="D:\Documents\Projects\automation-studio-uni\Prog_1\Physical\Config1\4PP065_0571_P74\mappControl\Package.pkg"
    LogicalPath="Config1.4PP065_0571_P74.mappControl"
    Type="Package"
    LastWriteTime="132978800382697425" />
  <Object
    Path="D:\Documents\Projects\automation-studio-uni\Prog_1\Physical\Config1\4PP065_0571_P74\mappMotion\Package.pkg"
    LogicalPath="Config1.4PP065_0571_P74.mappMotion"
    Type="Package"
    LastWriteTime="132978800382757266" />
  <Object
    Path="D:\Documents\Projects\automation-studio-uni\Prog_1\Physical\Config1\4PP065_0571_P74\mappServices\Package.pkg"
    LogicalPath="Config1.4PP065_0571_P74.mappServices"
    Type="Package"
    LastWriteTime="132978800382807140" />
  <Object
    Path="D:\Documents\Projects\automation-studio-uni\Prog_1\Physical\Config1\4PP065_0571_P74\mappView\Package.pkg"
    LogicalPath="Config1.4PP065_0571_P74.mappView"
    Type="Package"
    LastWriteTime="132978800382857003" />
  <Object
    Path="D:\Documents\Projects\automation-studio-uni\Prog_1\Physical\Config1\4PP065_0571_P74\mappCockpit\Package.pkg"
    LogicalPath="Config1.4PP065_0571_P74.mappCockpit"
    Type="Package"
    LastWriteTime="132978800382916848" />
  <Object
    Path="D:\Documents\Projects\automation-studio-uni\Prog_1\Physical\Config1\4PP065_0571_P74\Motion\Package.pkg"
    LogicalPath="Config1.4PP065_0571_P74.Motion"
    Type="Package"
    LastWriteTime="132978803264791769" />
  <Object
    Path="D:\Documents\Projects\automation-studio-uni\Prog_1\Physical\Config1\4PP065_0571_P74\Motion\Acp10map.ncm"
    LogicalPath="Config1.4PP065_0571_P74.Motion.Acp10map.ncm"
    Type="File"
    LastWriteTime="132978803405203825"
    Private="false" />
  <Object
    Path="D:\Documents\Projects\automation-studio-uni\Prog_1\Physical\Config1\4PP065_0571_P74\Motion\Acp10cfg.ncc"
    LogicalPath="Config1.4PP065_0571_P74.Motion.Acp10cfg.ncc"
    Type="File"
    LastWriteTime="132978803329507347"
    Private="false" />
  <Object
    Path="D:\Documents\Projects\automation-studio-uni\Prog_1\Physical\Config1\4PP065_0571_P74\Motion\Acp10sys.br"
    LogicalPath="Config1.4PP065_0571_P74.Motion.Acp10sys.br"
    Type="File"
    LastWriteTime="132978803265390208"
    Private="false" />
  <Object
    Path="D:\Documents\Projects\automation-studio-uni\Prog_1\Physical\Config1\Hardware.jpg"
    LogicalPath="Config1.Hardware.jpg"
    Type="File"
    LastWriteTime="132978817999638132"
    Private="false" />
</Objects>