<?xml version="1.0" encoding="utf-8"?>
<?AutomationStudio Version=3.0?>
<Transfer xmlns="http://br-automation.co.at/AS/Transfer">
  <OperatingSystem Version="D4.52"/>
  <Hardware Target="SG4"/>
  <Operation Delete="Program.br"/>
  <Operation Delete="MpAxis.br"/>
  <Operation Delete="MpBase.br"/>
  <Operation Delete="sys_lib.br"/>
  <Operation Delete="McAcpAx.br"/>
  <Operation Delete="mcacpdrv.br"/>
  <Operation Delete="fileio.br"/>
  <Operation Delete="astime.br"/>
  <Operation Delete="McAxis.br"/>
  <Operation Delete="McBase.br"/>
  <Operation Download="asfw.br" Memory="SystemROM"/>
  <Operation Download="ashwd.br" Memory="SystemROM"/>
  <Operation Download="arconfig.br" Memory="SystemROM"/>
  <Operation Download="sysconf.br" Memory="SystemROM"/>
  <Operation Restart="warm"/>
  <Operation Download="arsvcreg.br" Memory="UserROM"/>
  <Operation Download="powerlnk.br" Memory="UserROM"/>
  <Operation Download="runtime.br" Memory="UserROM"/>
  <Operation Download="McBase.br" Memory="UserROM"/>
  <Operation Download="McAxis.br" Memory="UserROM"/>
  <Operation Download="astime.br" Memory="UserROM"/>
  <Operation Download="fileio.br" Memory="UserROM"/>
  <Operation Download="mcacpdrv.br" Memory="UserROM"/>
  <Operation Download="McAcpAx.br" Memory="UserROM"/>
  <Operation Restart="warm"/>
  <Operation Download="udbdef.br" Memory="UserROM"/>
  <Operation Download="TCData.br" Memory="SystemROM"/>
  <Operation Download="ashwac.br" Memory="UserROM"/>
  <Operation Download="iomap.br" Memory="UserROM"/>
  <Operation Download="Role.br" Memory="UserROM"/>
  <Operation Download="User.br" Memory="UserROM"/>
  <Operation Download="Library.br" Memory="UserROM"/>
  <Operation Download="sys_lib.br" Memory="UserROM"/>
  <Operation Download="MpBase.br" Memory="UserROM"/>
  <Operation Download="MpAxis.br" Memory="UserROM"/>
  <Operation Download="Program.br" Memory="UserROM"/>
</Transfer>