<?xml version="1.0" encoding="utf-8"?>
<?AutomationStudio Version="4.5.2.102"?>
<Objects>
  <Object
    Path="C:\Users\admin\Desktop\KVBO-01-21\Group_2\Prog_4\Logical\Package.pkg"
    LogicalPath=""
    Type="Package.ParentUnknown"
    LastWriteTime="132967292856179902" />
  <Object
    Path="C:\Users\admin\Desktop\KVBO-01-21\Group_2\Prog_4\Logical\Global.typ"
    LogicalPath="Global.typ"
    Type="File"
    LastWriteTime="132943044229520720"
    Private="false" />
  <Object
    Path="C:\Users\admin\Desktop\KVBO-01-21\Group_2\Prog_4\Logical\Global.var"
    LogicalPath="Global.var"
    Type="File"
    LastWriteTime="132967321024269298"
    Private="false" />
  <Object
    Path="C:\Users\admin\Desktop\KVBO-01-21\Group_2\Prog_4\Logical\Libraries\Package.pkg"
    LogicalPath="Libraries"
    Type="Package"
    LastWriteTime="132943127558269444" />
  <Object
    Path="C:\Users\admin\Desktop\KVBO-01-21\Group_2\Prog_4\Logical\Libraries\operator\binary.lby"
    LogicalPath="Libraries.operator"
    Type="Library"
    LastWriteTime="132943044236711475" />
  <Object
    Path="C:\Users\admin\Desktop\KVBO-01-21\Group_2\Prog_4\Logical\Libraries\operator\operator.fun"
    LogicalPath="Libraries.operator.operator.fun"
    Type="File"
    LastWriteTime="132943044236581829"
    Private="false" />
  <Object
    Path="C:\Users\admin\Desktop\KVBO-01-21\Group_2\Prog_4\Logical\Libraries\operator\operator.typ"
    LogicalPath="Libraries.operator.operator.typ"
    Type="File"
    LastWriteTime="132943044236622048"
    Private="false" />
  <Object
    Path="C:\Users\admin\Desktop\KVBO-01-21\Group_2\Prog_4\Logical\Libraries\operator\operator.var"
    LogicalPath="Libraries.operator.operator.var"
    Type="File"
    LastWriteTime="132943044236651639"
    Private="false" />
  <Object
    Path="C:\Users\admin\Desktop\KVBO-01-21\Group_2\Prog_4\Logical\Libraries\runtime\binary.lby"
    LogicalPath="Libraries.runtime"
    Type="Library"
    LastWriteTime="132943044240730726" />
  <Object
    Path="C:\Users\admin\Desktop\KVBO-01-21\Group_2\Prog_4\Logical\Libraries\runtime\runtime.fun"
    LogicalPath="Libraries.runtime.runtime.fun"
    Type="File"
    LastWriteTime="132943044240491374"
    Private="false" />
  <Object
    Path="C:\Users\admin\Desktop\KVBO-01-21\Group_2\Prog_4\Logical\Libraries\runtime\runtime.typ"
    LogicalPath="Libraries.runtime.runtime.typ"
    Type="File"
    LastWriteTime="132943044240521290"
    Private="false" />
  <Object
    Path="C:\Users\admin\Desktop\KVBO-01-21\Group_2\Prog_4\Logical\Libraries\runtime\runtime.var"
    LogicalPath="Libraries.runtime.runtime.var"
    Type="File"
    LastWriteTime="132943044240660919"
    Private="false" />
  <Object
    Path="C:\Users\admin\Desktop\KVBO-01-21\Group_2\Prog_4\Logical\Libraries\astime\binary.lby"
    LogicalPath="Libraries.astime"
    Type="Library"
    LastWriteTime="132943044244271258" />
  <Object
    Path="C:\Users\admin\Desktop\KVBO-01-21\Group_2\Prog_4\Logical\Libraries\astime\astime.fun"
    LogicalPath="Libraries.astime.astime.fun"
    Type="File"
    LastWriteTime="132943044244221387"
    Private="false" />
  <Object
    Path="C:\Users\admin\Desktop\KVBO-01-21\Group_2\Prog_4\Logical\Libraries\astime\astime.typ"
    LogicalPath="Libraries.astime.astime.typ"
    Type="File"
    LastWriteTime="132943044244241342"
    Private="false" />
  <Object
    Path="C:\Users\admin\Desktop\KVBO-01-21\Group_2\Prog_4\Logical\Libraries\astime\astime.var"
    LogicalPath="Libraries.astime.astime.var"
    Type="File"
    LastWriteTime="132943044244261282"
    Private="false" />
  <Object
    Path="C:\Users\admin\Desktop\KVBO-01-21\Group_2\Prog_4\Logical\Libraries\AsIecCon\binary.lby"
    LogicalPath="Libraries.AsIecCon"
    Type="Library"
    LastWriteTime="132943044247712048" />
  <Object
    Path="C:\Users\admin\Desktop\KVBO-01-21\Group_2\Prog_4\Logical\Libraries\AsIecCon\AsIecCon.fun"
    LogicalPath="Libraries.AsIecCon.AsIecCon.fun"
    Type="File"
    LastWriteTime="132943044247602342"
    Private="false" />
  <Object
    Path="C:\Users\admin\Desktop\KVBO-01-21\Group_2\Prog_4\Logical\Libraries\AsIecCon\AsIecCon.typ"
    LogicalPath="Libraries.AsIecCon.AsIecCon.typ"
    Type="File"
    LastWriteTime="132943044247622301"
    Private="false" />
  <Object
    Path="C:\Users\admin\Desktop\KVBO-01-21\Group_2\Prog_4\Logical\Libraries\AsIecCon\AsIecCon.var"
    LogicalPath="Libraries.AsIecCon.AsIecCon.var"
    Type="File"
    LastWriteTime="132943044247642245"
    Private="false" />
  <Object
    Path="C:\Users\admin\Desktop\KVBO-01-21\Group_2\Prog_4\Logical\Libraries\McBase\binary.lby"
    LogicalPath="Libraries.McBase"
    Type="Library"
    LastWriteTime="132943050601481447" />
  <Object
    Path="C:\Users\admin\Desktop\KVBO-01-21\Group_2\Prog_4\Logical\Libraries\McBase\McBase.typ"
    LogicalPath="Libraries.McBase.McBase.typ"
    Type="File"
    LastWriteTime="132943050601451531"
    Private="false" />
  <Object
    Path="C:\Users\admin\Desktop\KVBO-01-21\Group_2\Prog_4\Logical\Libraries\McBase\McBase.fun"
    LogicalPath="Libraries.McBase.McBase.fun"
    Type="File"
    LastWriteTime="132943050601461499"
    Private="false" />
  <Object
    Path="C:\Users\admin\Desktop\KVBO-01-21\Group_2\Prog_4\Logical\Libraries\McBase\McBase.var"
    LogicalPath="Libraries.McBase.McBase.var"
    Type="File"
    LastWriteTime="132943050601471483"
    Private="false" />
  <Object
    Path="C:\Users\admin\Desktop\KVBO-01-21\Group_2\Prog_4\Logical\Program\ANSIC.prg"
    LogicalPath="Program"
    Type="Program"
    LastWriteTime="132943055581731843" />
  <Object
    Path="C:\Users\admin\Desktop\KVBO-01-21\Group_2\Prog_4\Logical\Program\Main.c"
    LogicalPath="Program.Main.c"
    Type="File"
    LastWriteTime="132967320842276838"
    Private="false" />
  <Object
    Path="C:\Users\admin\Desktop\KVBO-01-21\Group_2\Prog_4\Logical\Program\Types.typ"
    LogicalPath="Program.Types.typ"
    Type="File"
    LastWriteTime="132943055581642081"
    Private="true" />
  <Object
    Path="C:\Users\admin\Desktop\KVBO-01-21\Group_2\Prog_4\Logical\Program\Variables.var"
    LogicalPath="Program.Variables.var"
    Type="File"
    LastWriteTime="132967320790844406"
    Private="true" />
  <Object
    Path="C:\Users\admin\Desktop\KVBO-01-21\Group_2\Prog_4\Logical\Visu\Vc.dob"
    LogicalPath="Visu"
    Type="DataObject"
    LastWriteTime="132943066001800888" />
  <Object
    Path="C:\Users\admin\Desktop\KVBO-01-21\Group_2\Prog_4\Logical\Visu\VCObject.vc"
    LogicalPath="Visu.VCObject.vc"
    Type="File"
    LastWriteTime="132943066001731069"
    Private="false" />
  <Object
    Path="C:\Users\admin\Desktop\KVBO-01-21\Group_2\Prog_4\Logical\Library\ANSIC.lby"
    LogicalPath="Library"
    Type="Library"
    LastWriteTime="132930947196578676" />
  <Object
    Path="C:\Users\admin\Desktop\KVBO-01-21\Group_2\Prog_4\Logical\Library\Types.typ"
    LogicalPath="Library.Types.typ"
    Type="File"
    LastWriteTime="132967294932256902"
    Private="false" />
  <Object
    Path="C:\Users\admin\Desktop\KVBO-01-21\Group_2\Prog_4\Logical\Library\Constants.var"
    LogicalPath="Library.Constants.var"
    Type="File"
    LastWriteTime="132930986137870794"
    Private="false" />
  <Object
    Path="C:\Users\admin\Desktop\KVBO-01-21\Group_2\Prog_4\Logical\Library\Library.fun"
    LogicalPath="Library.Library.fun"
    Type="File"
    LastWriteTime="132930948938329279"
    Private="false" />
  <Object
    Path="C:\Users\admin\Desktop\KVBO-01-21\Group_2\Prog_4\Logical\Library\DRIVE.c"
    LogicalPath="Library.DRIVE.c"
    Type="File"
    LastWriteTime="132967307034580039"
    Private="false" />
  <Object
    Path="C:\Users\admin\Desktop\KVBO-01-21\Group_2\Prog_4\Physical\Config1\Config.pkg"
    LogicalPath="Config1"
    Type="Configuration.ParentUnknown"
    LastWriteTime="132943044304460241" />
  <Object
    Path="C:\Users\admin\Desktop\KVBO-01-21\Group_2\Prog_4\Physical\Config1\Hardware.hw"
    LogicalPath="Config1.Hardware.hw"
    Type="File"
    LastWriteTime="132943066004723162"
    Private="false" />
  <Object
    Path="C:\Users\admin\Desktop\KVBO-01-21\Group_2\Prog_4\Physical\Config1\Hardware.hwl"
    LogicalPath="Config1.Hardware.hwl"
    Type="File"
    LastWriteTime="132943055495422947"
    Private="false" />
  <Object
    Path="C:\Users\admin\Desktop\KVBO-01-21\Group_2\Prog_4\Physical\Config1\4PP065_0571_P74\Cpu.pkg"
    LogicalPath="Config1.4PP065_0571_P74"
    Type="Cpu"
    LastWriteTime="132943044253356950" />
  <Object
    Path="C:\Users\admin\Desktop\KVBO-01-21\Group_2\Prog_4\Physical\Config1\4PP065_0571_P74\Cpu.sw"
    LogicalPath="Config1.4PP065_0571_P74.Cpu.sw"
    Type="File"
    LastWriteTime="132967292862333426"
    Private="false" />
  <Object
    Path="C:\Users\admin\Desktop\KVBO-01-21\Group_2\Prog_4\Physical\Config1\4PP065_0571_P74\Cpu.per"
    LogicalPath="Config1.4PP065_0571_P74.Cpu.per"
    Type="File"
    LastWriteTime="132943044251063084"
    Private="false" />
  <Object
    Path="C:\Users\admin\Desktop\KVBO-01-21\Group_2\Prog_4\Physical\Config1\4PP065_0571_P74\IoMap.iom"
    LogicalPath="Config1.4PP065_0571_P74.IoMap.iom"
    Type="File"
    LastWriteTime="132967320965137311"
    Private="false" />
  <Object
    Path="C:\Users\admin\Desktop\KVBO-01-21\Group_2\Prog_4\Physical\Config1\4PP065_0571_P74\PvMap.vvm"
    LogicalPath="Config1.4PP065_0571_P74.PvMap.vvm"
    Type="File"
    LastWriteTime="132943044251232633"
    Private="false" />
  <Object
    Path="C:\Users\admin\Desktop\KVBO-01-21\Group_2\Prog_4\Physical\Config1\4PP065_0571_P74\Connectivity\Package.pkg"
    LogicalPath="Config1.4PP065_0571_P74.Connectivity"
    Type="Package"
    LastWriteTime="132943044251701380" />
  <Object
    Path="C:\Users\admin\Desktop\KVBO-01-21\Group_2\Prog_4\Physical\Config1\4PP065_0571_P74\Connectivity\OpcUA\Package.pkg"
    LogicalPath="Config1.4PP065_0571_P74.Connectivity.OpcUA"
    Type="Package"
    LastWriteTime="132943044251641545" />
  <Object
    Path="C:\Users\admin\Desktop\KVBO-01-21\Group_2\Prog_4\Physical\Config1\4PP065_0571_P74\TextSystem\Package.pkg"
    LogicalPath="Config1.4PP065_0571_P74.TextSystem"
    Type="Package"
    LastWriteTime="132943044251850981" />
  <Object
    Path="C:\Users\admin\Desktop\KVBO-01-21\Group_2\Prog_4\Physical\Config1\4PP065_0571_P74\UnitSystem\Package.pkg"
    LogicalPath="Config1.4PP065_0571_P74.UnitSystem"
    Type="Package"
    LastWriteTime="132943044252000579" />
  <Object
    Path="C:\Users\admin\Desktop\KVBO-01-21\Group_2\Prog_4\Physical\Config1\4PP065_0571_P74\AccessAndSecurity\Package.pkg"
    LogicalPath="Config1.4PP065_0571_P74.AccessAndSecurity"
    Type="Package"
    LastWriteTime="132943044252788469" />
  <Object
    Path="C:\Users\admin\Desktop\KVBO-01-21\Group_2\Prog_4\Physical\Config1\4PP065_0571_P74\AccessAndSecurity\UserRoleSystem\Package.pkg"
    LogicalPath="Config1.4PP065_0571_P74.AccessAndSecurity.UserRoleSystem"
    Type="Package"
    LastWriteTime="132943044252239935" />
  <Object
    Path="C:\Users\admin\Desktop\KVBO-01-21\Group_2\Prog_4\Physical\Config1\4PP065_0571_P74\AccessAndSecurity\UserRoleSystem\Role.role"
    LogicalPath="Config1.4PP065_0571_P74.AccessAndSecurity.UserRoleSystem.Role.role"
    Type="File"
    LastWriteTime="132943044252200043"
    Private="false" />
  <Object
    Path="C:\Users\admin\Desktop\KVBO-01-21\Group_2\Prog_4\Physical\Config1\4PP065_0571_P74\AccessAndSecurity\UserRoleSystem\User.user"
    LogicalPath="Config1.4PP065_0571_P74.AccessAndSecurity.UserRoleSystem.User.user"
    Type="File"
    LastWriteTime="132943044252229963"
    Private="false" />
  <Object
    Path="C:\Users\admin\Desktop\KVBO-01-21\Group_2\Prog_4\Physical\Config1\4PP065_0571_P74\AccessAndSecurity\CertificateStore\Package.pkg"
    LogicalPath="Config1.4PP065_0571_P74.AccessAndSecurity.CertificateStore"
    Type="Package"
    LastWriteTime="132943044252698714" />
  <Object
    Path="C:\Users\admin\Desktop\KVBO-01-21\Group_2\Prog_4\Physical\Config1\4PP065_0571_P74\AccessAndSecurity\CertificateStore\OwnCertificates\Package.pkg"
    LogicalPath="Config1.4PP065_0571_P74.AccessAndSecurity.CertificateStore.OwnCertificates"
    Type="Package"
    LastWriteTime="132943044252459347" />
  <Object
    Path="C:\Users\admin\Desktop\KVBO-01-21\Group_2\Prog_4\Physical\Config1\4PP065_0571_P74\AccessAndSecurity\CertificateStore\OwnCertificates\Certificates\Package.pkg"
    LogicalPath="Config1.4PP065_0571_P74.AccessAndSecurity.CertificateStore.OwnCertificates.Certificates"
    Type="Package"
    LastWriteTime="132943044252419459" />
  <Object
    Path="C:\Users\admin\Desktop\KVBO-01-21\Group_2\Prog_4\Physical\Config1\4PP065_0571_P74\AccessAndSecurity\CertificateStore\OwnCertificates\PrivateKeys\Package.pkg"
    LogicalPath="Config1.4PP065_0571_P74.AccessAndSecurity.CertificateStore.OwnCertificates.PrivateKeys"
    Type="Package"
    LastWriteTime="132943044252449379" />
  <Object
    Path="C:\Users\admin\Desktop\KVBO-01-21\Group_2\Prog_4\Physical\Config1\4PP065_0571_P74\AccessAndSecurity\CertificateStore\ThirdPartyCertificates\Package.pkg"
    LogicalPath="Config1.4PP065_0571_P74.AccessAndSecurity.CertificateStore.ThirdPartyCertificates"
    Type="Package"
    LastWriteTime="132943044252569064" />
  <Object
    Path="C:\Users\admin\Desktop\KVBO-01-21\Group_2\Prog_4\Physical\Config1\4PP065_0571_P74\AccessAndSecurity\CertificateStore\ThirdPartyCertificates\SoftwareCertificates\Package.pkg"
    LogicalPath="Config1.4PP065_0571_P74.AccessAndSecurity.CertificateStore.ThirdPartyCertificates.SoftwareCertificates"
    Type="Package"
    LastWriteTime="132943044252559085" />
  <Object
    Path="C:\Users\admin\Desktop\KVBO-01-21\Group_2\Prog_4\Physical\Config1\4PP065_0571_P74\AccessAndSecurity\CertificateStore\CertificateRevocationLists\Package.pkg"
    LogicalPath="Config1.4PP065_0571_P74.AccessAndSecurity.CertificateStore.CertificateRevocationLists"
    Type="Package"
    LastWriteTime="132943044252598976" />
  <Object
    Path="C:\Users\admin\Desktop\KVBO-01-21\Group_2\Prog_4\Physical\Config1\4PP065_0571_P74\AccessAndSecurity\CertificateStore\CertificateSigningRequests\Package.pkg"
    LogicalPath="Config1.4PP065_0571_P74.AccessAndSecurity.CertificateStore.CertificateSigningRequests"
    Type="Package"
    LastWriteTime="132943044252688738" />
  <Object
    Path="C:\Users\admin\Desktop\KVBO-01-21\Group_2\Prog_4\Physical\Config1\4PP065_0571_P74\AccessAndSecurity\TransportLayerSecurity\Package.pkg"
    LogicalPath="Config1.4PP065_0571_P74.AccessAndSecurity.TransportLayerSecurity"
    Type="Package"
    LastWriteTime="132943044252718665" />
  <Object
    Path="C:\Users\admin\Desktop\KVBO-01-21\Group_2\Prog_4\Physical\Config1\4PP065_0571_P74\mappControl\Package.pkg"
    LogicalPath="Config1.4PP065_0571_P74.mappControl"
    Type="Package"
    LastWriteTime="132943044252888207" />
  <Object
    Path="C:\Users\admin\Desktop\KVBO-01-21\Group_2\Prog_4\Physical\Config1\4PP065_0571_P74\mappMotion\Package.pkg"
    LogicalPath="Config1.4PP065_0571_P74.mappMotion"
    Type="Package"
    LastWriteTime="132943044252987941" />
  <Object
    Path="C:\Users\admin\Desktop\KVBO-01-21\Group_2\Prog_4\Physical\Config1\4PP065_0571_P74\mappServices\Package.pkg"
    LogicalPath="Config1.4PP065_0571_P74.mappServices"
    Type="Package"
    LastWriteTime="132943044253087675" />
  <Object
    Path="C:\Users\admin\Desktop\KVBO-01-21\Group_2\Prog_4\Physical\Config1\4PP065_0571_P74\mappView\Package.pkg"
    LogicalPath="Config1.4PP065_0571_P74.mappView"
    Type="Package"
    LastWriteTime="132943044253187401" />
  <Object
    Path="C:\Users\admin\Desktop\KVBO-01-21\Group_2\Prog_4\Physical\Config1\4PP065_0571_P74\mappCockpit\Package.pkg"
    LogicalPath="Config1.4PP065_0571_P74.mappCockpit"
    Type="Package"
    LastWriteTime="132943044253287139" />
  <Object
    Path="C:\Users\admin\Desktop\KVBO-01-21\Group_2\Prog_4\Physical\Config1\Hardware.jpg"
    LogicalPath="Config1.Hardware.jpg"
    Type="File"
    LastWriteTime="132943068567419476"
    Private="false" />
</Objects>