<?xml version="1.0" encoding="utf-8"?>
<?AutomationStudio Version="4.5.2.102"?>
<Objects>
  <Object
    Path="C:\Users\admin\Desktop\KVBO-01-21\Group_2\Prog_3\Logical\Package.pkg"
    LogicalPath=""
    Type="Package.ParentUnknown"
    LastWriteTime="132930945062676780" />
  <Object
    Path="C:\Users\admin\Desktop\KVBO-01-21\Group_2\Prog_3\Logical\Global.typ"
    LogicalPath="Global.typ"
    Type="File"
    LastWriteTime="132930958571336003"
    Private="false" />
  <Object
    Path="C:\Users\admin\Desktop\KVBO-01-21\Group_2\Prog_3\Logical\Global.var"
    LogicalPath="Global.var"
    Type="File"
    LastWriteTime="132930916620929953"
    Private="false" />
  <Object
    Path="C:\Users\admin\Desktop\KVBO-01-21\Group_2\Prog_3\Logical\Libraries\Package.pkg"
    LogicalPath="Libraries"
    Type="Package"
    LastWriteTime="132930925473360039" />
  <Object
    Path="C:\Users\admin\Desktop\KVBO-01-21\Group_2\Prog_3\Logical\Libraries\operator\binary.lby"
    LogicalPath="Libraries.operator"
    Type="Library"
    LastWriteTime="132930916631381992" />
  <Object
    Path="C:\Users\admin\Desktop\KVBO-01-21\Group_2\Prog_3\Logical\Libraries\operator\operator.fun"
    LogicalPath="Libraries.operator.operator.fun"
    Type="File"
    LastWriteTime="132930916631132660"
    Private="false" />
  <Object
    Path="C:\Users\admin\Desktop\KVBO-01-21\Group_2\Prog_3\Logical\Libraries\operator\operator.typ"
    LogicalPath="Libraries.operator.operator.typ"
    Type="File"
    LastWriteTime="132930916631252338"
    Private="false" />
  <Object
    Path="C:\Users\admin\Desktop\KVBO-01-21\Group_2\Prog_3\Logical\Libraries\operator\operator.var"
    LogicalPath="Libraries.operator.operator.var"
    Type="File"
    LastWriteTime="132930916631312181"
    Private="false" />
  <Object
    Path="C:\Users\admin\Desktop\KVBO-01-21\Group_2\Prog_3\Logical\Libraries\runtime\binary.lby"
    LogicalPath="Libraries.runtime"
    Type="Library"
    LastWriteTime="132930916634583426" />
  <Object
    Path="C:\Users\admin\Desktop\KVBO-01-21\Group_2\Prog_3\Logical\Libraries\runtime\runtime.fun"
    LogicalPath="Libraries.runtime.runtime.fun"
    Type="File"
    LastWriteTime="132930916634354046"
    Private="false" />
  <Object
    Path="C:\Users\admin\Desktop\KVBO-01-21\Group_2\Prog_3\Logical\Libraries\runtime\runtime.typ"
    LogicalPath="Libraries.runtime.runtime.typ"
    Type="File"
    LastWriteTime="132930916634423857"
    Private="false" />
  <Object
    Path="C:\Users\admin\Desktop\KVBO-01-21\Group_2\Prog_3\Logical\Libraries\runtime\runtime.var"
    LogicalPath="Libraries.runtime.runtime.var"
    Type="File"
    LastWriteTime="132930916634503647"
    Private="false" />
  <Object
    Path="C:\Users\admin\Desktop\KVBO-01-21\Group_2\Prog_3\Logical\Libraries\astime\binary.lby"
    LogicalPath="Libraries.astime"
    Type="Library"
    LastWriteTime="132930916637874638" />
  <Object
    Path="C:\Users\admin\Desktop\KVBO-01-21\Group_2\Prog_3\Logical\Libraries\astime\astime.fun"
    LogicalPath="Libraries.astime.astime.fun"
    Type="File"
    LastWriteTime="132930916637675170"
    Private="false" />
  <Object
    Path="C:\Users\admin\Desktop\KVBO-01-21\Group_2\Prog_3\Logical\Libraries\astime\astime.typ"
    LogicalPath="Libraries.astime.astime.typ"
    Type="File"
    LastWriteTime="132930916637744984"
    Private="false" />
  <Object
    Path="C:\Users\admin\Desktop\KVBO-01-21\Group_2\Prog_3\Logical\Libraries\astime\astime.var"
    LogicalPath="Libraries.astime.astime.var"
    Type="File"
    LastWriteTime="132930916637804820"
    Private="false" />
  <Object
    Path="C:\Users\admin\Desktop\KVBO-01-21\Group_2\Prog_3\Logical\Libraries\AsIecCon\binary.lby"
    LogicalPath="Libraries.AsIecCon"
    Type="Library"
    LastWriteTime="132930916640687104" />
  <Object
    Path="C:\Users\admin\Desktop\KVBO-01-21\Group_2\Prog_3\Logical\Libraries\AsIecCon\AsIecCon.fun"
    LogicalPath="Libraries.AsIecCon.AsIecCon.fun"
    Type="File"
    LastWriteTime="132930916640637350"
    Private="false" />
  <Object
    Path="C:\Users\admin\Desktop\KVBO-01-21\Group_2\Prog_3\Logical\Libraries\AsIecCon\AsIecCon.typ"
    LogicalPath="Libraries.AsIecCon.AsIecCon.typ"
    Type="File"
    LastWriteTime="132930916640657181"
    Private="false" />
  <Object
    Path="C:\Users\admin\Desktop\KVBO-01-21\Group_2\Prog_3\Logical\Libraries\AsIecCon\AsIecCon.var"
    LogicalPath="Libraries.AsIecCon.AsIecCon.var"
    Type="File"
    LastWriteTime="132930916640677181"
    Private="false" />
  <Object
    Path="C:\Users\admin\Desktop\KVBO-01-21\Group_2\Prog_3\Logical\Libraries\McBase\binary.lby"
    LogicalPath="Libraries.McBase"
    Type="Library"
    LastWriteTime="132930920042347247" />
  <Object
    Path="C:\Users\admin\Desktop\KVBO-01-21\Group_2\Prog_3\Logical\Libraries\McBase\McBase.typ"
    LogicalPath="Libraries.McBase.McBase.typ"
    Type="File"
    LastWriteTime="132930920042257496"
    Private="false" />
  <Object
    Path="C:\Users\admin\Desktop\KVBO-01-21\Group_2\Prog_3\Logical\Libraries\McBase\McBase.fun"
    LogicalPath="Libraries.McBase.McBase.fun"
    Type="File"
    LastWriteTime="132930920042257496"
    Private="false" />
  <Object
    Path="C:\Users\admin\Desktop\KVBO-01-21\Group_2\Prog_3\Logical\Libraries\McBase\McBase.var"
    LogicalPath="Libraries.McBase.McBase.var"
    Type="File"
    LastWriteTime="132930920042267460"
    Private="false" />
  <Object
    Path="C:\Users\admin\Desktop\KVBO-01-21\Group_2\Prog_3\Logical\Libraries\MpAxis\Binary.lby"
    LogicalPath="Libraries.MpAxis"
    Type="Library"
    LastWriteTime="132930925460424640" />
  <Object
    Path="C:\Users\admin\Desktop\KVBO-01-21\Group_2\Prog_3\Logical\Libraries\MpAxis\MpAxis.typ"
    LogicalPath="Libraries.MpAxis.MpAxis.typ"
    Type="File"
    LastWriteTime="132930925460314938"
    Private="false" />
  <Object
    Path="C:\Users\admin\Desktop\KVBO-01-21\Group_2\Prog_3\Logical\Libraries\MpAxis\MpAxisError.typ"
    LogicalPath="Libraries.MpAxis.MpAxisError.typ"
    Type="File"
    LastWriteTime="132930925460334885"
    Private="false" />
  <Object
    Path="C:\Users\admin\Desktop\KVBO-01-21\Group_2\Prog_3\Logical\Libraries\MpAxis\MpAxis.fun"
    LogicalPath="Libraries.MpAxis.MpAxis.fun"
    Type="File"
    LastWriteTime="132930925460354833"
    Private="false" />
  <Object
    Path="C:\Users\admin\Desktop\KVBO-01-21\Group_2\Prog_3\Logical\Libraries\McAxis\binary.lby"
    LogicalPath="Libraries.McAxis"
    Type="Library"
    LastWriteTime="132930925460963436" />
  <Object
    Path="C:\Users\admin\Desktop\KVBO-01-21\Group_2\Prog_3\Logical\Libraries\McAxis\McAxis.typ"
    LogicalPath="Libraries.McAxis.McAxis.typ"
    Type="File"
    LastWriteTime="132930925460793657"
    Private="false" />
  <Object
    Path="C:\Users\admin\Desktop\KVBO-01-21\Group_2\Prog_3\Logical\Libraries\McAxis\McAxis.fun"
    LogicalPath="Libraries.McAxis.McAxis.fun"
    Type="File"
    LastWriteTime="132930925460883420"
    Private="false" />
  <Object
    Path="C:\Users\admin\Desktop\KVBO-01-21\Group_2\Prog_3\Logical\Libraries\McAxis\McAxis.var"
    LogicalPath="Libraries.McAxis.McAxis.var"
    Type="File"
    LastWriteTime="132930925460893391"
    Private="false" />
  <Object
    Path="C:\Users\admin\Desktop\KVBO-01-21\Group_2\Prog_3\Logical\Libraries\MpBase\Binary.lby"
    LogicalPath="Libraries.MpBase"
    Type="Library"
    LastWriteTime="132930925461721403" />
  <Object
    Path="C:\Users\admin\Desktop\KVBO-01-21\Group_2\Prog_3\Logical\Libraries\MpBase\MpBase.typ"
    LogicalPath="Libraries.MpBase.MpBase.typ"
    Type="File"
    LastWriteTime="132930925461362135"
    Private="false" />
  <Object
    Path="C:\Users\admin\Desktop\KVBO-01-21\Group_2\Prog_3\Logical\Libraries\MpBase\MpBase.var"
    LogicalPath="Libraries.MpBase.MpBase.var"
    Type="File"
    LastWriteTime="132930925461461869"
    Private="false" />
  <Object
    Path="C:\Users\admin\Desktop\KVBO-01-21\Group_2\Prog_3\Logical\Libraries\MpBase\MpBase.fun"
    LogicalPath="Libraries.MpBase.MpBase.fun"
    Type="File"
    LastWriteTime="132930925461481821"
    Private="false" />
  <Object
    Path="C:\Users\admin\Desktop\KVBO-01-21\Group_2\Prog_3\Logical\Libraries\MpBase\Common_EventLog.tmx"
    LogicalPath="Libraries.MpBase.Common_EventLog.tmx"
    Type="File"
    LastWriteTime="132930925461641390"
    Private="false" />
  <Object
    Path="C:\Users\admin\Desktop\KVBO-01-21\Group_2\Prog_3\Logical\Libraries\McAcpAx\binary.lby"
    LogicalPath="Libraries.McAcpAx"
    Type="Library"
    LastWriteTime="132930925472941158" />
  <Object
    Path="C:\Users\admin\Desktop\KVBO-01-21\Group_2\Prog_3\Logical\Libraries\McAcpAx\McAcpAx.typ"
    LogicalPath="Libraries.McAcpAx.McAcpAx.typ"
    Type="File"
    LastWriteTime="132930925472781585"
    Private="false" />
  <Object
    Path="C:\Users\admin\Desktop\KVBO-01-21\Group_2\Prog_3\Logical\Libraries\McAcpAx\McAcpAx.fun"
    LogicalPath="Libraries.McAcpAx.McAcpAx.fun"
    Type="File"
    LastWriteTime="132930925472861376"
    Private="false" />
  <Object
    Path="C:\Users\admin\Desktop\KVBO-01-21\Group_2\Prog_3\Logical\Libraries\McAcpAx\McAcpAx.var"
    LogicalPath="Libraries.McAcpAx.McAcpAx.var"
    Type="File"
    LastWriteTime="132930925472871351"
    Private="false" />
  <Object
    Path="C:\Users\admin\Desktop\KVBO-01-21\Group_2\Prog_3\Logical\Program\ANSIC.prg"
    LogicalPath="Program"
    Type="Program"
    LastWriteTime="132930941796435244" />
  <Object
    Path="C:\Users\admin\Desktop\KVBO-01-21\Group_2\Prog_3\Logical\Program\Main.c"
    LogicalPath="Program.Main.c"
    Type="File"
    LastWriteTime="132943137843406519"
    Private="false" />
  <Object
    Path="C:\Users\admin\Desktop\KVBO-01-21\Group_2\Prog_3\Logical\Program\Types.typ"
    LogicalPath="Program.Types.typ"
    Type="File"
    LastWriteTime="132930941796405328"
    Private="true" />
  <Object
    Path="C:\Users\admin\Desktop\KVBO-01-21\Group_2\Prog_3\Logical\Program\Variables.var"
    LogicalPath="Program.Variables.var"
    Type="File"
    LastWriteTime="132931022410094801"
    Private="true" />
  <Object
    Path="C:\Users\admin\Desktop\KVBO-01-21\Group_2\Prog_3\Logical\Library\ANSIC.lby"
    LogicalPath="Library"
    Type="Library"
    LastWriteTime="132930947196578676" />
  <Object
    Path="C:\Users\admin\Desktop\KVBO-01-21\Group_2\Prog_3\Logical\Library\Types.typ"
    LogicalPath="Library.Types.typ"
    Type="File"
    LastWriteTime="132930945062606969"
    Private="false" />
  <Object
    Path="C:\Users\admin\Desktop\KVBO-01-21\Group_2\Prog_3\Logical\Library\Constants.var"
    LogicalPath="Library.Constants.var"
    Type="File"
    LastWriteTime="132930986137870794"
    Private="false" />
  <Object
    Path="C:\Users\admin\Desktop\KVBO-01-21\Group_2\Prog_3\Logical\Library\Library.fun"
    LogicalPath="Library.Library.fun"
    Type="File"
    LastWriteTime="132930948938329279"
    Private="false" />
  <Object
    Path="C:\Users\admin\Desktop\KVBO-01-21\Group_2\Prog_3\Logical\Library\DRIVE.c"
    LogicalPath="Library.DRIVE.c"
    Type="File"
    LastWriteTime="132943058560196702"
    Private="false" />
  <Object
    Path="C:\Users\admin\Desktop\KVBO-01-21\Group_2\Prog_3\Physical\Config1\Config.pkg"
    LogicalPath="Config1"
    Type="Configuration.ParentUnknown"
    LastWriteTime="132930916699938603" />
  <Object
    Path="C:\Users\admin\Desktop\KVBO-01-21\Group_2\Prog_3\Physical\Config1\Hardware.hw"
    LogicalPath="Config1.Hardware.hw"
    Type="File"
    LastWriteTime="132930958390609470"
    Private="false" />
  <Object
    Path="C:\Users\admin\Desktop\KVBO-01-21\Group_2\Prog_3\Physical\Config1\Hardware.hwl"
    LogicalPath="Config1.Hardware.hwl"
    Type="File"
    LastWriteTime="132930958996917800"
    Private="false" />
  <Object
    Path="C:\Users\admin\Desktop\KVBO-01-21\Group_2\Prog_3\Physical\Config1\4PP065_0571_P74\Cpu.pkg"
    LogicalPath="Config1.4PP065_0571_P74"
    Type="Cpu"
    LastWriteTime="132930919798549435" />
  <Object
    Path="C:\Users\admin\Desktop\KVBO-01-21\Group_2\Prog_3\Physical\Config1\4PP065_0571_P74\Cpu.sw"
    LogicalPath="Config1.4PP065_0571_P74.Cpu.sw"
    Type="File"
    LastWriteTime="132931010125390422"
    Private="false" />
  <Object
    Path="C:\Users\admin\Desktop\KVBO-01-21\Group_2\Prog_3\Physical\Config1\4PP065_0571_P74\Cpu.per"
    LogicalPath="Config1.4PP065_0571_P74.Cpu.per"
    Type="File"
    LastWriteTime="132930916644088003"
    Private="false" />
  <Object
    Path="C:\Users\admin\Desktop\KVBO-01-21\Group_2\Prog_3\Physical\Config1\4PP065_0571_P74\IoMap.iom"
    LogicalPath="Config1.4PP065_0571_P74.IoMap.iom"
    Type="File"
    LastWriteTime="132931009340669648"
    Private="false" />
  <Object
    Path="C:\Users\admin\Desktop\KVBO-01-21\Group_2\Prog_3\Physical\Config1\4PP065_0571_P74\PvMap.vvm"
    LogicalPath="Config1.4PP065_0571_P74.PvMap.vvm"
    Type="File"
    LastWriteTime="132930916644247580"
    Private="false" />
  <Object
    Path="C:\Users\admin\Desktop\KVBO-01-21\Group_2\Prog_3\Physical\Config1\4PP065_0571_P74\Connectivity\Package.pkg"
    LogicalPath="Config1.4PP065_0571_P74.Connectivity"
    Type="Package"
    LastWriteTime="132930916645005550" />
  <Object
    Path="C:\Users\admin\Desktop\KVBO-01-21\Group_2\Prog_3\Physical\Config1\4PP065_0571_P74\Connectivity\OpcUA\Package.pkg"
    LogicalPath="Config1.4PP065_0571_P74.Connectivity.OpcUA"
    Type="Package"
    LastWriteTime="132930916644935739" />
  <Object
    Path="C:\Users\admin\Desktop\KVBO-01-21\Group_2\Prog_3\Physical\Config1\4PP065_0571_P74\TextSystem\Package.pkg"
    LogicalPath="Config1.4PP065_0571_P74.TextSystem"
    Type="Package"
    LastWriteTime="132930916645155155" />
  <Object
    Path="C:\Users\admin\Desktop\KVBO-01-21\Group_2\Prog_3\Physical\Config1\4PP065_0571_P74\UnitSystem\Package.pkg"
    LogicalPath="Config1.4PP065_0571_P74.UnitSystem"
    Type="Package"
    LastWriteTime="132930916645424427" />
  <Object
    Path="C:\Users\admin\Desktop\KVBO-01-21\Group_2\Prog_3\Physical\Config1\4PP065_0571_P74\AccessAndSecurity\Package.pkg"
    LogicalPath="Config1.4PP065_0571_P74.AccessAndSecurity"
    Type="Package"
    LastWriteTime="132930916646780802" />
  <Object
    Path="C:\Users\admin\Desktop\KVBO-01-21\Group_2\Prog_3\Physical\Config1\4PP065_0571_P74\AccessAndSecurity\UserRoleSystem\Package.pkg"
    LogicalPath="Config1.4PP065_0571_P74.AccessAndSecurity.UserRoleSystem"
    Type="Package"
    LastWriteTime="132930916645753549" />
  <Object
    Path="C:\Users\admin\Desktop\KVBO-01-21\Group_2\Prog_3\Physical\Config1\4PP065_0571_P74\AccessAndSecurity\UserRoleSystem\Role.role"
    LogicalPath="Config1.4PP065_0571_P74.AccessAndSecurity.UserRoleSystem.Role.role"
    Type="File"
    LastWriteTime="132930916645613927"
    Private="false" />
  <Object
    Path="C:\Users\admin\Desktop\KVBO-01-21\Group_2\Prog_3\Physical\Config1\4PP065_0571_P74\AccessAndSecurity\UserRoleSystem\User.user"
    LogicalPath="Config1.4PP065_0571_P74.AccessAndSecurity.UserRoleSystem.User.user"
    Type="File"
    LastWriteTime="132930916645683738"
    Private="false" />
  <Object
    Path="C:\Users\admin\Desktop\KVBO-01-21\Group_2\Prog_3\Physical\Config1\4PP065_0571_P74\AccessAndSecurity\CertificateStore\Package.pkg"
    LogicalPath="Config1.4PP065_0571_P74.AccessAndSecurity.CertificateStore"
    Type="Package"
    LastWriteTime="132930916646631201" />
  <Object
    Path="C:\Users\admin\Desktop\KVBO-01-21\Group_2\Prog_3\Physical\Config1\4PP065_0571_P74\AccessAndSecurity\CertificateStore\OwnCertificates\Package.pkg"
    LogicalPath="Config1.4PP065_0571_P74.AccessAndSecurity.CertificateStore.OwnCertificates"
    Type="Package"
    LastWriteTime="132930916646072695" />
  <Object
    Path="C:\Users\admin\Desktop\KVBO-01-21\Group_2\Prog_3\Physical\Config1\4PP065_0571_P74\AccessAndSecurity\CertificateStore\OwnCertificates\Certificates\Package.pkg"
    LogicalPath="Config1.4PP065_0571_P74.AccessAndSecurity.CertificateStore.OwnCertificates.Certificates"
    Type="Package"
    LastWriteTime="132930916645923098" />
  <Object
    Path="C:\Users\admin\Desktop\KVBO-01-21\Group_2\Prog_3\Physical\Config1\4PP065_0571_P74\AccessAndSecurity\CertificateStore\OwnCertificates\PrivateKeys\Package.pkg"
    LogicalPath="Config1.4PP065_0571_P74.AccessAndSecurity.CertificateStore.OwnCertificates.PrivateKeys"
    Type="Package"
    LastWriteTime="132930916646012860" />
  <Object
    Path="C:\Users\admin\Desktop\KVBO-01-21\Group_2\Prog_3\Physical\Config1\4PP065_0571_P74\AccessAndSecurity\CertificateStore\ThirdPartyCertificates\Package.pkg"
    LogicalPath="Config1.4PP065_0571_P74.AccessAndSecurity.CertificateStore.ThirdPartyCertificates"
    Type="Package"
    LastWriteTime="132930916646361918" />
  <Object
    Path="C:\Users\admin\Desktop\KVBO-01-21\Group_2\Prog_3\Physical\Config1\4PP065_0571_P74\AccessAndSecurity\CertificateStore\ThirdPartyCertificates\SoftwareCertificates\Package.pkg"
    LogicalPath="Config1.4PP065_0571_P74.AccessAndSecurity.CertificateStore.ThirdPartyCertificates.SoftwareCertificates"
    Type="Package"
    LastWriteTime="132930916646292107" />
  <Object
    Path="C:\Users\admin\Desktop\KVBO-01-21\Group_2\Prog_3\Physical\Config1\4PP065_0571_P74\AccessAndSecurity\CertificateStore\CertificateRevocationLists\Package.pkg"
    LogicalPath="Config1.4PP065_0571_P74.AccessAndSecurity.CertificateStore.CertificateRevocationLists"
    Type="Package"
    LastWriteTime="132930916646441708" />
  <Object
    Path="C:\Users\admin\Desktop\KVBO-01-21\Group_2\Prog_3\Physical\Config1\4PP065_0571_P74\AccessAndSecurity\CertificateStore\CertificateSigningRequests\Package.pkg"
    LogicalPath="Config1.4PP065_0571_P74.AccessAndSecurity.CertificateStore.CertificateSigningRequests"
    Type="Package"
    LastWriteTime="132930916646571362" />
  <Object
    Path="C:\Users\admin\Desktop\KVBO-01-21\Group_2\Prog_3\Physical\Config1\4PP065_0571_P74\AccessAndSecurity\TransportLayerSecurity\Package.pkg"
    LogicalPath="Config1.4PP065_0571_P74.AccessAndSecurity.TransportLayerSecurity"
    Type="Package"
    LastWriteTime="132930916646721061" />
  <Object
    Path="C:\Users\admin\Desktop\KVBO-01-21\Group_2\Prog_3\Physical\Config1\4PP065_0571_P74\mappControl\Package.pkg"
    LogicalPath="Config1.4PP065_0571_P74.mappControl"
    Type="Package"
    LastWriteTime="132930916646930400" />
  <Object
    Path="C:\Users\admin\Desktop\KVBO-01-21\Group_2\Prog_3\Physical\Config1\4PP065_0571_P74\mappMotion\Package.pkg"
    LogicalPath="Config1.4PP065_0571_P74.mappMotion"
    Type="Package"
    LastWriteTime="132930925522040043" />
  <Object
    Path="C:\Users\admin\Desktop\KVBO-01-21\Group_2\Prog_3\Physical\Config1\4PP065_0571_P74\mappServices\Package.pkg"
    LogicalPath="Config1.4PP065_0571_P74.mappServices"
    Type="Package"
    LastWriteTime="132930916647119892" />
  <Object
    Path="C:\Users\admin\Desktop\KVBO-01-21\Group_2\Prog_3\Physical\Config1\4PP065_0571_P74\mappView\Package.pkg"
    LogicalPath="Config1.4PP065_0571_P74.mappView"
    Type="Package"
    LastWriteTime="132930916647269493" />
  <Object
    Path="C:\Users\admin\Desktop\KVBO-01-21\Group_2\Prog_3\Physical\Config1\4PP065_0571_P74\mappCockpit\Package.pkg"
    LogicalPath="Config1.4PP065_0571_P74.mappCockpit"
    Type="Package"
    LastWriteTime="132930916647429067" />
  <Object
    Path="C:\Users\admin\Desktop\KVBO-01-21\Group_2\Prog_3\Physical\Config1\Hardware.jpg"
    LogicalPath="Config1.Hardware.jpg"
    Type="File"
    LastWriteTime="132943058501284286"
    Private="false" />
</Objects>